# JRE version: OpenJDK Runtime Environment (8.0_242-b01) (build 1.8.0_242-release-1644-b01)
# Java VM: OpenJDK 64-Bit Server VM (25.242-b01 mixed mode windows-amd64 compressed oops)
Heap:
 PSYoungGen      total 294400K, used 66272K [0x00000000e0000000, 0x00000000f8700000, 0x0000000100000000)
  eden space 272384K, 19% used [0x00000000e0000000,0x00000000e32d5c58,0x00000000f0a00000)
  from space 22016K, 64% used [0x00000000f0a00000,0x00000000f17e2520,0x00000000f1f80000)
  to   space 22528K, 0% used [0x00000000f7100000,0x00000000f7100000,0x00000000f8700000)
 ParOldGen       total 91136K, used 47862K [0x00000000a0000000, 0x00000000a5900000, 0x00000000e0000000)
  object space 91136K, 52% used [0x00000000a0000000,0x00000000a2ebd950,0x00000000a5900000)
 Metaspace       used 70871K, capacity 74168K, committed 74416K, reserved 1114112K
  class space    used 9467K, capacity 10137K, committed 10160K, reserved 1048576K
GC Heap History (10 events):
Event: 9.866 GC heap before
{Heap before GC invocations=12 (full 2):
 PSYoungGen      total 139264K, used 128000K [0x00000000e0000000, 0x00000000eda80000, 0x0000000100000000)
  eden space 128000K, 100% used [0x00000000e0000000,0x00000000e7d00000,0x00000000e7d00000)
  from space 11264K, 0% used [0x00000000e7d00000,0x00000000e7d00000,0x00000000e8800000)
  to   space 13312K, 0% used [0x00000000ecd80000,0x00000000ecd80000,0x00000000eda80000)
 ParOldGen       total 62976K, used 18084K [0x00000000a0000000, 0x00000000a3d80000, 0x00000000e0000000)
  object space 62976K, 28% used [0x00000000a0000000,0x00000000a11a9010,0x00000000a3d80000)
 Metaspace       used 45066K, capacity 46576K, committed 46768K, reserved 1089536K
  class space    used 6100K, capacity 6456K, committed 6576K, reserved 1048576K
Event: 9.895 GC heap after
Heap after GC invocations=12 (full 2):
 PSYoungGen      total 203776K, used 13280K [0x00000000e0000000, 0x00000000eda80000, 0x0000000100000000)
  eden space 190464K, 0% used [0x00000000e0000000,0x00000000e0000000,0x00000000eba00000)
  from space 13312K, 99% used [0x00000000ecd80000,0x00000000eda78378,0x00000000eda80000)
  to   space 15872K, 0% used [0x00000000ebb80000,0x00000000ebb80000,0x00000000ecb00000)
 ParOldGen       total 62976K, used 20168K [0x00000000a0000000, 0x00000000a3d80000, 0x00000000e0000000)
  object space 62976K, 32% used [0x00000000a0000000,0x00000000a13b2398,0x00000000a3d80000)
 Metaspace       used 45066K, capacity 46576K, committed 46768K, reserved 1089536K
  class space    used 6100K, capacity 6456K, committed 6576K, reserved 1048576K
}
Event: 12.220 GC heap before
{Heap before GC invocations=13 (full 2):
 PSYoungGen      total 203776K, used 159496K [0x00000000e0000000, 0x00000000eda80000, 0x0000000100000000)
  eden space 190464K, 76% used [0x00000000e0000000,0x00000000e8ec9de8,0x00000000eba00000)
  from space 13312K, 99% used [0x00000000ecd80000,0x00000000eda78378,0x00000000eda80000)
  to   space 15872K, 0% used [0x00000000ebb80000,0x00000000ebb80000,0x00000000ecb00000)
 ParOldGen       total 62976K, used 20168K [0x00000000a0000000, 0x00000000a3d80000, 0x00000000e0000000)
  object space 62976K, 32% used [0x00000000a0000000,0x00000000a13b2398,0x00000000a3d80000)
 Metaspace       used 57100K, capacity 59074K, committed 59160K, reserved 1099776K
  class space    used 7831K, capacity 8288K, committed 8368K, reserved 1048576K
Event: 12.274 GC heap after
Heap after GC invocations=13 (full 2):
 PSYoungGen      total 207872K, used 15868K [0x00000000e0000000, 0x00000000f3a80000, 0x0000000100000000)
  eden space 192000K, 0% used [0x00000000e0000000,0x00000000e0000000,0x00000000ebb80000)
  from space 15872K, 99% used [0x00000000ebb80000,0x00000000ecaff0f0,0x00000000ecb00000)
  to   space 20992K, 0% used [0x00000000f2600000,0x00000000f2600000,0x00000000f3a80000)
 ParOldGen       total 62976K, used 28690K [0x00000000a0000000, 0x00000000a3d80000, 0x00000000e0000000)
  object space 62976K, 45% used [0x00000000a0000000,0x00000000a1c04b38,0x00000000a3d80000)
 Metaspace       used 57100K, capacity 59074K, committed 59160K, reserved 1099776K
  class space    used 7831K, capacity 8288K, committed 8368K, reserved 1048576K
}
Event: 12.274 GC heap before
{Heap before GC invocations=14 (full 3):
 PSYoungGen      total 207872K, used 15868K [0x00000000e0000000, 0x00000000f3a80000, 0x0000000100000000)
  eden space 192000K, 0% used [0x00000000e0000000,0x00000000e0000000,0x00000000ebb80000)
  from space 15872K, 99% used [0x00000000ebb80000,0x00000000ecaff0f0,0x00000000ecb00000)
  to   space 20992K, 0% used [0x00000000f2600000,0x00000000f2600000,0x00000000f3a80000)
 ParOldGen       total 62976K, used 28690K [0x00000000a0000000, 0x00000000a3d80000, 0x00000000e0000000)
  object space 62976K, 45% used [0x00000000a0000000,0x00000000a1c04b38,0x00000000a3d80000)
 Metaspace       used 57100K, capacity 59074K, committed 59160K, reserved 1099776K
  class space    used 7831K, capacity 8288K, committed 8368K, reserved 1048576K
Event: 12.549 GC heap after
Heap after GC invocations=14 (full 3):
 PSYoungGen      total 207872K, used 0K [0x00000000e0000000, 0x00000000f3a80000, 0x0000000100000000)
  eden space 192000K, 0% used [0x00000000e0000000,0x00000000e0000000,0x00000000ebb80000)
  from space 15872K, 0% used [0x00000000ebb80000,0x00000000ebb80000,0x00000000ecb00000)
  to   space 20992K, 0% used [0x00000000f2600000,0x00000000f2600000,0x00000000f3a80000)
 ParOldGen       total 91136K, used 36035K [0x00000000a0000000, 0x00000000a5900000, 0x00000000e0000000)
  object space 91136K, 39% used [0x00000000a0000000,0x00000000a2330ff0,0x00000000a5900000)
 Metaspace       used 57085K, capacity 59026K, committed 59160K, reserved 1099776K
  class space    used 7827K, capacity 8280K, committed 8368K, reserved 1048576K
}
Event: 15.550 GC heap before
{Heap before GC invocations=15 (full 3):
 PSYoungGen      total 207872K, used 192000K [0x00000000e0000000, 0x00000000f3a80000, 0x0000000100000000)
  eden space 192000K, 100% used [0x00000000e0000000,0x00000000ebb80000,0x00000000ebb80000)
  from space 15872K, 0% used [0x00000000ebb80000,0x00000000ebb80000,0x00000000ecb00000)
  to   space 20992K, 0% used [0x00000000f2600000,0x00000000f2600000,0x00000000f3a80000)
 ParOldGen       total 91136K, used 36035K [0x00000000a0000000, 0x00000000a5900000, 0x00000000e0000000)
  object space 91136K, 39% used [0x00000000a0000000,0x00000000a2330ff0,0x00000000a5900000)
 Metaspace       used 61607K, capacity 64536K, committed 64688K, reserved 1105920K
  class space    used 8461K, capacity 9065K, committed 9136K, reserved 1048576K
Event: 15.579 GC heap after
Heap after GC invocations=15 (full 3):
 PSYoungGen      total 280576K, used 14927K [0x00000000e0000000, 0x00000000f3500000, 0x0000000100000000)
  eden space 265216K, 0% used [0x00000000e0000000,0x00000000e0000000,0x00000000f0300000)
  from space 15360K, 97% used [0x00000000f2600000,0x00000000f3493f40,0x00000000f3500000)
  to   space 22016K, 0% used [0x00000000f0a00000,0x00000000f0a00000,0x00000000f1f80000)
 ParOldGen       total 91136K, used 36043K [0x00000000a0000000, 0x00000000a5900000, 0x00000000e0000000)
  object space 91136K, 39% used [0x00000000a0000000,0x00000000a2332ff0,0x00000000a5900000)
 Metaspace       used 61607K, capacity 64536K, committed 64688K, reserved 1105920K
  class space    used 8461K, capacity 9065K, committed 9136K, reserved 1048576K
}
Event: 68.293 GC heap before
{Heap before GC invocations=16 (full 3):
 PSYoungGen      total 280576K, used 280143K [0x00000000e0000000, 0x00000000f3500000, 0x0000000100000000)
  eden space 265216K, 100% used [0x00000000e0000000,0x00000000f0300000,0x00000000f0300000)
  from space 15360K, 97% used [0x00000000f2600000,0x00000000f3493f40,0x00000000f3500000)
  to   space 22016K, 0% used [0x00000000f0a00000,0x00000000f0a00000,0x00000000f1f80000)
 ParOldGen       total 91136K, used 36043K [0x00000000a0000000, 0x00000000a5900000, 0x00000000e0000000)
  object space 91136K, 39% used [0x00000000a0000000,0x00000000a2332ff0,0x00000000a5900000)
 Metaspace       used 70730K, capacity 74034K, committed 74160K, reserved 1114112K
  class space    used 9461K, capacity 10128K, committed 10160K, reserved 1048576K
Event: 68.352 GC heap after
Heap after GC invocations=16 (full 3):
 PSYoungGen      total 294400K, used 14217K [0x00000000e0000000, 0x00000000f8700000, 0x0000000100000000)
  eden space 272384K, 0% used [0x00000000e0000000,0x00000000e0000000,0x00000000f0a00000)
  from space 22016K, 64% used [0x00000000f0a00000,0x00000000f17e2520,0x00000000f1f80000)
  to   space 22528K, 0% used [0x00000000f7100000,0x00000000f7100000,0x00000000f8700000)
 ParOldGen       total 91136K, used 47862K [0x00000000a0000000, 0x00000000a5900000, 0x00000000e0000000)
  object space 91136K, 52% used [0x00000000a0000000,0x00000000a2ebd950,0x00000000a5900000)
 Metaspace       used 70730K, capacity 74034K, committed 74160K, reserved 1114112K
  class space    used 9461K, capacity 10128K, committed 10160K, reserved 1048576K
}

