# JRE version: OpenJDK Runtime Environment (8.0_242-b01) (build 1.8.0_242-release-1644-b01)
# Java VM: OpenJDK 64-Bit Server VM (25.242-b01 mixed mode windows-amd64 compressed oops)
Heap:
 PSYoungGen      total 207360K, used 77378K [0x00000000e0000000, 0x00000000f3580000, 0x0000000100000000)
  eden space 192000K, 40% used [0x00000000e0000000,0x00000000e4b90ac8,0x00000000ebb80000)
  from space 15360K, 0% used [0x00000000ebb80000,0x00000000ebb80000,0x00000000eca80000)
  to   space 20992K, 0% used [0x00000000f2100000,0x00000000f2100000,0x00000000f3580000)
 ParOldGen       total 92672K, used 35842K [0x00000000a0000000, 0x00000000a5a80000, 0x00000000e0000000)
  object space 92672K, 38% used [0x00000000a0000000,0x00000000a23008f8,0x00000000a5a80000)
 Metaspace       used 59997K, capacity 62712K, committed 62896K, reserved 1103872K
  class space    used 8290K, capacity 8807K, committed 8880K, reserved 1048576K
GC Heap History (10 events):
Event: 8.872 GC heap before
{Heap before GC invocations=10 (full 1):
 PSYoungGen      total 135168K, used 122855K [0x00000000e0000000, 0x00000000e9300000, 0x0000000100000000)
  eden space 126976K, 90% used [0x00000000e0000000,0x00000000e7013920,0x00000000e7c00000)
  from space 8192K, 98% used [0x00000000e8b00000,0x00000000e92e6468,0x00000000e9300000)
  to   space 11264K, 0% used [0x00000000e7d00000,0x00000000e7d00000,0x00000000e8800000)
 ParOldGen       total 46592K, used 6951K [0x00000000a0000000, 0x00000000a2d80000, 0x00000000e0000000)
  object space 46592K, 14% used [0x00000000a0000000,0x00000000a06c9e80,0x00000000a2d80000)
 Metaspace       used 34562K, capacity 35410K, committed 35496K, reserved 1079296K
  class space    used 4740K, capacity 4974K, committed 5040K, reserved 1048576K
Event: 8.899 GC heap after
Heap after GC invocations=10 (full 1):
 PSYoungGen      total 139264K, used 11256K [0x00000000e0000000, 0x00000000ed980000, 0x0000000100000000)
  eden space 128000K, 0% used [0x00000000e0000000,0x00000000e0000000,0x00000000e7d00000)
  from space 11264K, 99% used [0x00000000e7d00000,0x00000000e87fe378,0x00000000e8800000)
  to   space 12800K, 0% used [0x00000000ecd00000,0x00000000ecd00000,0x00000000ed980000)
 ParOldGen       total 46592K, used 7354K [0x00000000a0000000, 0x00000000a2d80000, 0x00000000e0000000)
  object space 46592K, 15% used [0x00000000a0000000,0x00000000a072e8f0,0x00000000a2d80000)
 Metaspace       used 34562K, capacity 35410K, committed 35496K, reserved 1079296K
  class space    used 4740K, capacity 4974K, committed 5040K, reserved 1048576K
}
Event: 8.899 GC heap before
{Heap before GC invocations=11 (full 2):
 PSYoungGen      total 139264K, used 11256K [0x00000000e0000000, 0x00000000ed980000, 0x0000000100000000)
  eden space 128000K, 0% used [0x00000000e0000000,0x00000000e0000000,0x00000000e7d00000)
  from space 11264K, 99% used [0x00000000e7d00000,0x00000000e87fe378,0x00000000e8800000)
  to   space 12800K, 0% used [0x00000000ecd00000,0x00000000ecd00000,0x00000000ed980000)
 ParOldGen       total 46592K, used 7354K [0x00000000a0000000, 0x00000000a2d80000, 0x00000000e0000000)
  object space 46592K, 15% used [0x00000000a0000000,0x00000000a072e8f0,0x00000000a2d80000)
 Metaspace       used 34562K, capacity 35410K, committed 35496K, reserved 1079296K
  class space    used 4740K, capacity 4974K, committed 5040K, reserved 1048576K
Event: 9.003 GC heap after
Heap after GC invocations=11 (full 2):
 PSYoungGen      total 139264K, used 0K [0x00000000e0000000, 0x00000000ed980000, 0x0000000100000000)
  eden space 128000K, 0% used [0x00000000e0000000,0x00000000e0000000,0x00000000e7d00000)
  from space 11264K, 0% used [0x00000000e7d00000,0x00000000e7d00000,0x00000000e8800000)
  to   space 12800K, 0% used [0x00000000ecd00000,0x00000000ecd00000,0x00000000ed980000)
 ParOldGen       total 63488K, used 18083K [0x00000000a0000000, 0x00000000a3e00000, 0x00000000e0000000)
  object space 63488K, 28% used [0x00000000a0000000,0x00000000a11a8ef0,0x00000000a3e00000)
 Metaspace       used 34562K, capacity 35410K, committed 35496K, reserved 1079296K
  class space    used 4740K, capacity 4974K, committed 5040K, reserved 1048576K
}
Event: 11.402 GC heap before
{Heap before GC invocations=12 (full 2):
 PSYoungGen      total 139264K, used 128000K [0x00000000e0000000, 0x00000000ed980000, 0x0000000100000000)
  eden space 128000K, 100% used [0x00000000e0000000,0x00000000e7d00000,0x00000000e7d00000)
  from space 11264K, 0% used [0x00000000e7d00000,0x00000000e7d00000,0x00000000e8800000)
  to   space 12800K, 0% used [0x00000000ecd00000,0x00000000ecd00000,0x00000000ed980000)
 ParOldGen       total 63488K, used 18083K [0x00000000a0000000, 0x00000000a3e00000, 0x00000000e0000000)
  object space 63488K, 28% used [0x00000000a0000000,0x00000000a11a8ef0,0x00000000a3e00000)
 Metaspace       used 45045K, capacity 46530K, committed 46768K, reserved 1089536K
  class space    used 6098K, capacity 6459K, committed 6576K, reserved 1048576K
Event: 11.440 GC heap after
Heap after GC invocations=12 (full 2):
 PSYoungGen      total 201728K, used 12786K [0x00000000e0000000, 0x00000000ed980000, 0x0000000100000000)
  eden space 188928K, 0% used [0x00000000e0000000,0x00000000e0000000,0x00000000eb880000)
  from space 12800K, 99% used [0x00000000ecd00000,0x00000000ed97cac8,0x00000000ed980000)
  to   space 15360K, 0% used [0x00000000ebb80000,0x00000000ebb80000,0x00000000eca80000)
 ParOldGen       total 63488K, used 20554K [0x00000000a0000000, 0x00000000a3e00000, 0x00000000e0000000)
  object space 63488K, 32% used [0x00000000a0000000,0x00000000a1412b18,0x00000000a3e00000)
 Metaspace       used 45045K, capacity 46530K, committed 46768K, reserved 1089536K
  class space    used 6098K, capacity 6459K, committed 6576K, reserved 1048576K
}
Event: 14.010 GC heap before
{Heap before GC invocations=13 (full 2):
 PSYoungGen      total 201728K, used 157633K [0x00000000e0000000, 0x00000000ed980000, 0x0000000100000000)
  eden space 188928K, 76% used [0x00000000e0000000,0x00000000e8d73a08,0x00000000eb880000)
  from space 12800K, 99% used [0x00000000ecd00000,0x00000000ed97cac8,0x00000000ed980000)
  to   space 15360K, 0% used [0x00000000ebb80000,0x00000000ebb80000,0x00000000eca80000)
 ParOldGen       total 63488K, used 20554K [0x00000000a0000000, 0x00000000a3e00000, 0x00000000e0000000)
  object space 63488K, 32% used [0x00000000a0000000,0x00000000a1412b18,0x00000000a3e00000)
 Metaspace       used 56969K, capacity 59042K, committed 59160K, reserved 1099776K
  class space    used 7805K, capacity 8250K, committed 8368K, reserved 1048576K
Event: 14.069 GC heap after
Heap after GC invocations=13 (full 2):
 PSYoungGen      total 207360K, used 15356K [0x00000000e0000000, 0x00000000f3580000, 0x0000000100000000)
  eden space 192000K, 0% used [0x00000000e0000000,0x00000000e0000000,0x00000000ebb80000)
  from space 15360K, 99% used [0x00000000ebb80000,0x00000000eca7f038,0x00000000eca80000)
  to   space 20992K, 0% used [0x00000000f2100000,0x00000000f2100000,0x00000000f3580000)
 ParOldGen       total 63488K, used 29444K [0x00000000a0000000, 0x00000000a3e00000, 0x00000000e0000000)
  object space 63488K, 46% used [0x00000000a0000000,0x00000000a1cc1200,0x00000000a3e00000)
 Metaspace       used 56969K, capacity 59042K, committed 59160K, reserved 1099776K
  class space    used 7805K, capacity 8250K, committed 8368K, reserved 1048576K
}
Event: 14.069 GC heap before
{Heap before GC invocations=14 (full 3):
 PSYoungGen      total 207360K, used 15356K [0x00000000e0000000, 0x00000000f3580000, 0x0000000100000000)
  eden space 192000K, 0% used [0x00000000e0000000,0x00000000e0000000,0x00000000ebb80000)
  from space 15360K, 99% used [0x00000000ebb80000,0x00000000eca7f038,0x00000000eca80000)
  to   space 20992K, 0% used [0x00000000f2100000,0x00000000f2100000,0x00000000f3580000)
 ParOldGen       total 63488K, used 29444K [0x00000000a0000000, 0x00000000a3e00000, 0x00000000e0000000)
  object space 63488K, 46% used [0x00000000a0000000,0x00000000a1cc1200,0x00000000a3e00000)
 Metaspace       used 56969K, capacity 59042K, committed 59160K, reserved 1099776K
  class space    used 7805K, capacity 8250K, committed 8368K, reserved 1048576K
Event: 14.343 GC heap after
Heap after GC invocations=14 (full 3):
 PSYoungGen      total 207360K, used 0K [0x00000000e0000000, 0x00000000f3580000, 0x0000000100000000)
  eden space 192000K, 0% used [0x00000000e0000000,0x00000000e0000000,0x00000000ebb80000)
  from space 15360K, 0% used [0x00000000ebb80000,0x00000000ebb80000,0x00000000eca80000)
  to   space 20992K, 0% used [0x00000000f2100000,0x00000000f2100000,0x00000000f3580000)
 ParOldGen       total 92672K, used 35842K [0x00000000a0000000, 0x00000000a5a80000, 0x00000000e0000000)
  object space 92672K, 38% used [0x00000000a0000000,0x00000000a23008f8,0x00000000a5a80000)
 Metaspace       used 56950K, capacity 58976K, committed 59160K, reserved 1099776K
  class space    used 7799K, capacity 8239K, committed 8368K, reserved 1048576K
}

