# JRE version: OpenJDK Runtime Environment (8.0_242-b01) (build 1.8.0_242-release-1644-b01)
# Java VM: OpenJDK 64-Bit Server VM (25.242-b01 mixed mode windows-amd64 compressed oops)
Heap:
 PSYoungGen      total 485888K, used 149704K [0x00000000e0000000, 0x0000000100000000, 0x0000000100000000)
  eden space 460800K, 27% used [0x00000000e0000000,0x00000000e79b40d8,0x00000000fc200000)
  from space 25088K, 99% used [0x00000000fe780000,0x00000000ffffe238,0x0000000100000000)
  to   space 31744K, 0% used [0x00000000fc200000,0x00000000fc200000,0x00000000fe100000)
 ParOldGen       total 101376K, used 36860K [0x00000000a0000000, 0x00000000a6300000, 0x00000000e0000000)
  object space 101376K, 36% used [0x00000000a0000000,0x00000000a23ff0f8,0x00000000a6300000)
 Metaspace       used 83361K, capacity 87512K, committed 87600K, reserved 1124352K
  class space    used 11506K, capacity 12315K, committed 12336K, reserved 1048576K
GC Heap History (10 events):
Event: 7.824 GC heap before
{Heap before GC invocations=9 (full 2):
 PSYoungGen      total 276480K, used 8757K [0x00000000e0000000, 0x00000000fc900000, 0x0000000100000000)
  eden space 260096K, 0% used [0x00000000e0000000,0x00000000e0000000,0x00000000efe00000)
  from space 16384K, 53% used [0x00000000efe00000,0x00000000f068d6e0,0x00000000f0e00000)
  to   space 15360K, 0% used [0x00000000fba00000,0x00000000fba00000,0x00000000fc900000)
 ParOldGen       total 53248K, used 7243K [0x00000000a0000000, 0x00000000a3400000, 0x00000000e0000000)
  object space 53248K, 13% used [0x00000000a0000000,0x00000000a0712cb0,0x00000000a3400000)
 Metaspace       used 34556K, capacity 35410K, committed 35496K, reserved 1079296K
  class space    used 4734K, capacity 4974K, committed 5040K, reserved 1048576K
Event: 7.948 GC heap after
Heap after GC invocations=9 (full 2):
 PSYoungGen      total 276480K, used 0K [0x00000000e0000000, 0x00000000fc900000, 0x0000000100000000)
  eden space 260096K, 0% used [0x00000000e0000000,0x00000000e0000000,0x00000000efe00000)
  from space 16384K, 0% used [0x00000000efe00000,0x00000000efe00000,0x00000000f0e00000)
  to   space 15360K, 0% used [0x00000000fba00000,0x00000000fba00000,0x00000000fc900000)
 ParOldGen       total 74240K, used 15301K [0x00000000a0000000, 0x00000000a4880000, 0x00000000e0000000)
  object space 74240K, 20% used [0x00000000a0000000,0x00000000a0ef1678,0x00000000a4880000)
 Metaspace       used 34556K, capacity 35410K, committed 35496K, reserved 1079296K
  class space    used 4734K, capacity 4974K, committed 5040K, reserved 1048576K
}
Event: 17.968 GC heap before
{Heap before GC invocations=10 (full 2):
 PSYoungGen      total 276480K, used 260096K [0x00000000e0000000, 0x00000000fc900000, 0x0000000100000000)
  eden space 260096K, 100% used [0x00000000e0000000,0x00000000efe00000,0x00000000efe00000)
  from space 16384K, 0% used [0x00000000efe00000,0x00000000efe00000,0x00000000f0e00000)
  to   space 15360K, 0% used [0x00000000fba00000,0x00000000fba00000,0x00000000fc900000)
 ParOldGen       total 74240K, used 15301K [0x00000000a0000000, 0x00000000a4880000, 0x00000000e0000000)
  object space 74240K, 20% used [0x00000000a0000000,0x00000000a0ef1678,0x00000000a4880000)
 Metaspace       used 56277K, capacity 58388K, committed 58672K, reserved 1099776K
  class space    used 7720K, capacity 8183K, committed 8240K, reserved 1048576K
Event: 18.036 GC heap after
Heap after GC invocations=10 (full 2):
 PSYoungGen      total 432128K, used 15356K [0x00000000e0000000, 0x00000000fc900000, 0x0000000100000000)
  eden space 416768K, 0% used [0x00000000e0000000,0x00000000e0000000,0x00000000f9700000)
  from space 15360K, 99% used [0x00000000fba00000,0x00000000fc8ff320,0x00000000fc900000)
  to   space 24064K, 0% used [0x00000000f9a00000,0x00000000f9a00000,0x00000000fb180000)
 ParOldGen       total 74240K, used 30124K [0x00000000a0000000, 0x00000000a4880000, 0x00000000e0000000)
  object space 74240K, 40% used [0x00000000a0000000,0x00000000a1d6b3a8,0x00000000a4880000)
 Metaspace       used 56277K, capacity 58388K, committed 58672K, reserved 1099776K
  class space    used 7720K, capacity 8183K, committed 8240K, reserved 1048576K
}
Event: 18.276 GC heap before
{Heap before GC invocations=11 (full 2):
 PSYoungGen      total 432128K, used 30740K [0x00000000e0000000, 0x00000000fc900000, 0x0000000100000000)
  eden space 416768K, 3% used [0x00000000e0000000,0x00000000e0f06030,0x00000000f9700000)
  from space 15360K, 99% used [0x00000000fba00000,0x00000000fc8ff320,0x00000000fc900000)
  to   space 24064K, 0% used [0x00000000f9a00000,0x00000000f9a00000,0x00000000fb180000)
 ParOldGen       total 74240K, used 30124K [0x00000000a0000000, 0x00000000a4880000, 0x00000000e0000000)
  object space 74240K, 40% used [0x00000000a0000000,0x00000000a1d6b3a8,0x00000000a4880000)
 Metaspace       used 56963K, capacity 58984K, committed 59160K, reserved 1099776K
  class space    used 7806K, capacity 8251K, committed 8368K, reserved 1048576K
Event: 18.306 GC heap after
Heap after GC invocations=11 (full 2):
 PSYoungGen      total 443904K, used 15917K [0x00000000e0000000, 0x0000000100000000, 0x0000000100000000)
  eden space 419840K, 0% used [0x00000000e0000000,0x00000000e0000000,0x00000000f9a00000)
  from space 24064K, 66% used [0x00000000f9a00000,0x00000000fa98b7d0,0x00000000fb180000)
  to   space 25088K, 0% used [0x00000000fe780000,0x00000000fe780000,0x0000000100000000)
 ParOldGen       total 74240K, used 30132K [0x00000000a0000000, 0x00000000a4880000, 0x00000000e0000000)
  object space 74240K, 40% used [0x00000000a0000000,0x00000000a1d6d3a8,0x00000000a4880000)
 Metaspace       used 56963K, capacity 58984K, committed 59160K, reserved 1099776K
  class space    used 7806K, capacity 8251K, committed 8368K, reserved 1048576K
}
Event: 18.306 GC heap before
{Heap before GC invocations=12 (full 3):
 PSYoungGen      total 443904K, used 15917K [0x00000000e0000000, 0x0000000100000000, 0x0000000100000000)
  eden space 419840K, 0% used [0x00000000e0000000,0x00000000e0000000,0x00000000f9a00000)
  from space 24064K, 66% used [0x00000000f9a00000,0x00000000fa98b7d0,0x00000000fb180000)
  to   space 25088K, 0% used [0x00000000fe780000,0x00000000fe780000,0x0000000100000000)
 ParOldGen       total 74240K, used 30132K [0x00000000a0000000, 0x00000000a4880000, 0x00000000e0000000)
  object space 74240K, 40% used [0x00000000a0000000,0x00000000a1d6d3a8,0x00000000a4880000)
 Metaspace       used 56963K, capacity 58984K, committed 59160K, reserved 1099776K
  class space    used 7806K, capacity 8251K, committed 8368K, reserved 1048576K
Event: 18.568 GC heap after
Heap after GC invocations=12 (full 3):
 PSYoungGen      total 443904K, used 0K [0x00000000e0000000, 0x0000000100000000, 0x0000000100000000)
  eden space 419840K, 0% used [0x00000000e0000000,0x00000000e0000000,0x00000000f9a00000)
  from space 24064K, 0% used [0x00000000f9a00000,0x00000000f9a00000,0x00000000fb180000)
  to   space 25088K, 0% used [0x00000000fe780000,0x00000000fe780000,0x0000000100000000)
 ParOldGen       total 101376K, used 28136K [0x00000000a0000000, 0x00000000a6300000, 0x00000000e0000000)
  object space 101376K, 27% used [0x00000000a0000000,0x00000000a1b7a118,0x00000000a6300000)
 Metaspace       used 56942K, capacity 58912K, committed 59160K, reserved 1099776K
  class space    used 7799K, capacity 8239K, committed 8368K, reserved 1048576K
}
Event: 36.331 GC heap before
{Heap before GC invocations=13 (full 3):
 PSYoungGen      total 443904K, used 419840K [0x00000000e0000000, 0x0000000100000000, 0x0000000100000000)
  eden space 419840K, 100% used [0x00000000e0000000,0x00000000f9a00000,0x00000000f9a00000)
  from space 24064K, 0% used [0x00000000f9a00000,0x00000000f9a00000,0x00000000fb180000)
  to   space 25088K, 0% used [0x00000000fe780000,0x00000000fe780000,0x0000000100000000)
 ParOldGen       total 101376K, used 28136K [0x00000000a0000000, 0x00000000a6300000, 0x00000000e0000000)
  object space 101376K, 27% used [0x00000000a0000000,0x00000000a1b7a118,0x00000000a6300000)
 Metaspace       used 73245K, capacity 76546K, committed 76720K, reserved 1116160K
  class space    used 9914K, capacity 10582K, committed 10672K, reserved 1048576K
Event: 36.397 GC heap after
Heap after GC invocations=13 (full 3):
 PSYoungGen      total 485888K, used 25080K [0x00000000e0000000, 0x0000000100000000, 0x0000000100000000)
  eden space 460800K, 0% used [0x00000000e0000000,0x00000000e0000000,0x00000000fc200000)
  from space 25088K, 99% used [0x00000000fe780000,0x00000000ffffe238,0x0000000100000000)
  to   space 31744K, 0% used [0x00000000fc200000,0x00000000fc200000,0x00000000fe100000)
 ParOldGen       total 101376K, used 36860K [0x00000000a0000000, 0x00000000a6300000, 0x00000000e0000000)
  object space 101376K, 36% used [0x00000000a0000000,0x00000000a23ff0f8,0x00000000a6300000)
 Metaspace       used 73245K, capacity 76546K, committed 76720K, reserved 1116160K
  class space    used 9914K, capacity 10582K, committed 10672K, reserved 1048576K
}

