# JRE version: OpenJDK Runtime Environment (8.0_242-b01) (build 1.8.0_242-release-1644-b01)
# Java VM: OpenJDK 64-Bit Server VM (25.242-b01 mixed mode windows-amd64 compressed oops)
Heap:
 PSYoungGen      total 386048K, used 99490K [0x00000000e0000000, 0x00000000f9880000, 0x0000000100000000)
  eden space 363520K, 27% used [0x00000000e0000000,0x00000000e6128b38,0x00000000f6300000)
  from space 22528K, 0% used [0x00000000f7a80000,0x00000000f7a80000,0x00000000f9080000)
  to   space 24064K, 0% used [0x00000000f6300000,0x00000000f6300000,0x00000000f7a80000)
 ParOldGen       total 91648K, used 29161K [0x00000000a0000000, 0x00000000a5980000, 0x00000000e0000000)
  object space 91648K, 31% used [0x00000000a0000000,0x00000000a1c7a6c0,0x00000000a5980000)
 Metaspace       used 60122K, capacity 62893K, committed 63144K, reserved 1103872K
  class space    used 8306K, capacity 8836K, committed 8880K, reserved 1048576K
GC Heap History (10 events):
Event: 7.178 GC heap before
{Heap before GC invocations=9 (full 1):
 PSYoungGen      total 145408K, used 60336K [0x00000000e0000000, 0x00000000f1400000, 0x0000000100000000)
  eden space 133120K, 36% used [0x00000000e0000000,0x00000000e2ef0738,0x00000000e8200000)
  from space 12288K, 99% used [0x00000000e8200000,0x00000000e8dfba60,0x00000000e8e00000)
  to   space 14848K, 0% used [0x00000000f0580000,0x00000000f0580000,0x00000000f1400000)
 ParOldGen       total 49664K, used 8231K [0x00000000a0000000, 0x00000000a3080000, 0x00000000e0000000)
  object space 49664K, 16% used [0x00000000a0000000,0x00000000a0809cb0,0x00000000a3080000)
 Metaspace       used 34571K, capacity 35410K, committed 35496K, reserved 1079296K
  class space    used 4739K, capacity 4974K, committed 5040K, reserved 1048576K
Event: 7.192 GC heap after
Heap after GC invocations=9 (full 1):
 PSYoungGen      total 262656K, used 8690K [0x00000000e0000000, 0x00000000f1180000, 0x0000000100000000)
  eden space 250368K, 0% used [0x00000000e0000000,0x00000000e0000000,0x00000000ef480000)
  from space 12288K, 70% used [0x00000000f0580000,0x00000000f0dfca18,0x00000000f1180000)
  to   space 14848K, 0% used [0x00000000ef480000,0x00000000ef480000,0x00000000f0300000)
 ParOldGen       total 49664K, used 8239K [0x00000000a0000000, 0x00000000a3080000, 0x00000000e0000000)
  object space 49664K, 16% used [0x00000000a0000000,0x00000000a080bcb0,0x00000000a3080000)
 Metaspace       used 34571K, capacity 35410K, committed 35496K, reserved 1079296K
  class space    used 4739K, capacity 4974K, committed 5040K, reserved 1048576K
}
Event: 7.192 GC heap before
{Heap before GC invocations=10 (full 2):
 PSYoungGen      total 262656K, used 8690K [0x00000000e0000000, 0x00000000f1180000, 0x0000000100000000)
  eden space 250368K, 0% used [0x00000000e0000000,0x00000000e0000000,0x00000000ef480000)
  from space 12288K, 70% used [0x00000000f0580000,0x00000000f0dfca18,0x00000000f1180000)
  to   space 14848K, 0% used [0x00000000ef480000,0x00000000ef480000,0x00000000f0300000)
 ParOldGen       total 49664K, used 8239K [0x00000000a0000000, 0x00000000a3080000, 0x00000000e0000000)
  object space 49664K, 16% used [0x00000000a0000000,0x00000000a080bcb0,0x00000000a3080000)
 Metaspace       used 34571K, capacity 35410K, committed 35496K, reserved 1079296K
  class space    used 4739K, capacity 4974K, committed 5040K, reserved 1048576K
Event: 7.255 GC heap after
Heap after GC invocations=10 (full 2):
 PSYoungGen      total 262656K, used 0K [0x00000000e0000000, 0x00000000f1180000, 0x0000000100000000)
  eden space 250368K, 0% used [0x00000000e0000000,0x00000000e0000000,0x00000000ef480000)
  from space 12288K, 0% used [0x00000000f0580000,0x00000000f0580000,0x00000000f1180000)
  to   space 14848K, 0% used [0x00000000ef480000,0x00000000ef480000,0x00000000f0300000)
 ParOldGen       total 65024K, used 15268K [0x00000000a0000000, 0x00000000a3f80000, 0x00000000e0000000)
  object space 65024K, 23% used [0x00000000a0000000,0x00000000a0ee9148,0x00000000a3f80000)
 Metaspace       used 34571K, capacity 35410K, committed 35496K, reserved 1079296K
  class space    used 4739K, capacity 4974K, committed 5040K, reserved 1048576K
}
Event: 11.388 GC heap before
{Heap before GC invocations=11 (full 2):
 PSYoungGen      total 262656K, used 250368K [0x00000000e0000000, 0x00000000f1180000, 0x0000000100000000)
  eden space 250368K, 100% used [0x00000000e0000000,0x00000000ef480000,0x00000000ef480000)
  from space 12288K, 0% used [0x00000000f0580000,0x00000000f0580000,0x00000000f1180000)
  to   space 14848K, 0% used [0x00000000ef480000,0x00000000ef480000,0x00000000f0300000)
 ParOldGen       total 65024K, used 15268K [0x00000000a0000000, 0x00000000a3f80000, 0x00000000e0000000)
  object space 65024K, 23% used [0x00000000a0000000,0x00000000a0ee9148,0x00000000a3f80000)
 Metaspace       used 54988K, capacity 57022K, committed 57128K, reserved 1097728K
  class space    used 7498K, capacity 7976K, committed 7984K, reserved 1048576K
Event: 11.439 GC heap after
Heap after GC invocations=11 (full 2):
 PSYoungGen      total 265216K, used 14844K [0x00000000e0000000, 0x00000000f9080000, 0x0000000100000000)
  eden space 250368K, 0% used [0x00000000e0000000,0x00000000e0000000,0x00000000ef480000)
  from space 14848K, 99% used [0x00000000ef480000,0x00000000f02ff340,0x00000000f0300000)
  to   space 22528K, 0% used [0x00000000f7a80000,0x00000000f7a80000,0x00000000f9080000)
 ParOldGen       total 65024K, used 29117K [0x00000000a0000000, 0x00000000a3f80000, 0x00000000e0000000)
  object space 65024K, 44% used [0x00000000a0000000,0x00000000a1c6f518,0x00000000a3f80000)
 Metaspace       used 54988K, capacity 57022K, committed 57128K, reserved 1097728K
  class space    used 7498K, capacity 7976K, committed 7984K, reserved 1048576K
}
Event: 11.854 GC heap before
{Heap before GC invocations=12 (full 2):
 PSYoungGen      total 265216K, used 40867K [0x00000000e0000000, 0x00000000f9080000, 0x0000000100000000)
  eden space 250368K, 10% used [0x00000000e0000000,0x00000000e1969a68,0x00000000ef480000)
  from space 14848K, 99% used [0x00000000ef480000,0x00000000f02ff340,0x00000000f0300000)
  to   space 22528K, 0% used [0x00000000f7a80000,0x00000000f7a80000,0x00000000f9080000)
 ParOldGen       total 65024K, used 29117K [0x00000000a0000000, 0x00000000a3f80000, 0x00000000e0000000)
  object space 65024K, 44% used [0x00000000a0000000,0x00000000a1c6f518,0x00000000a3f80000)
 Metaspace       used 57016K, capacity 59075K, committed 59160K, reserved 1099776K
  class space    used 7815K, capacity 8283K, committed 8368K, reserved 1048576K
Event: 11.901 GC heap after
Heap after GC invocations=12 (full 2):
 PSYoungGen      total 386048K, used 17073K [0x00000000e0000000, 0x00000000f9880000, 0x0000000100000000)
  eden space 363520K, 0% used [0x00000000e0000000,0x00000000e0000000,0x00000000f6300000)
  from space 22528K, 75% used [0x00000000f7a80000,0x00000000f8b2c468,0x00000000f9080000)
  to   space 24064K, 0% used [0x00000000f6300000,0x00000000f6300000,0x00000000f7a80000)
 ParOldGen       total 65024K, used 29125K [0x00000000a0000000, 0x00000000a3f80000, 0x00000000e0000000)
  object space 65024K, 44% used [0x00000000a0000000,0x00000000a1c71518,0x00000000a3f80000)
 Metaspace       used 57016K, capacity 59075K, committed 59160K, reserved 1099776K
  class space    used 7815K, capacity 8283K, committed 8368K, reserved 1048576K
}
Event: 11.901 GC heap before
{Heap before GC invocations=13 (full 3):
 PSYoungGen      total 386048K, used 17073K [0x00000000e0000000, 0x00000000f9880000, 0x0000000100000000)
  eden space 363520K, 0% used [0x00000000e0000000,0x00000000e0000000,0x00000000f6300000)
  from space 22528K, 75% used [0x00000000f7a80000,0x00000000f8b2c468,0x00000000f9080000)
  to   space 24064K, 0% used [0x00000000f6300000,0x00000000f6300000,0x00000000f7a80000)
 ParOldGen       total 65024K, used 29125K [0x00000000a0000000, 0x00000000a3f80000, 0x00000000e0000000)
  object space 65024K, 44% used [0x00000000a0000000,0x00000000a1c71518,0x00000000a3f80000)
 Metaspace       used 57016K, capacity 59075K, committed 59160K, reserved 1099776K
  class space    used 7815K, capacity 8283K, committed 8368K, reserved 1048576K
Event: 12.180 GC heap after
Heap after GC invocations=13 (full 3):
 PSYoungGen      total 386048K, used 0K [0x00000000e0000000, 0x00000000f9880000, 0x0000000100000000)
  eden space 363520K, 0% used [0x00000000e0000000,0x00000000e0000000,0x00000000f6300000)
  from space 22528K, 0% used [0x00000000f7a80000,0x00000000f7a80000,0x00000000f9080000)
  to   space 24064K, 0% used [0x00000000f6300000,0x00000000f6300000,0x00000000f7a80000)
 ParOldGen       total 91648K, used 29161K [0x00000000a0000000, 0x00000000a5980000, 0x00000000e0000000)
  object space 91648K, 31% used [0x00000000a0000000,0x00000000a1c7a6c0,0x00000000a5980000)
 Metaspace       used 56998K, capacity 59015K, committed 59160K, reserved 1099776K
  class space    used 7809K, capacity 8273K, committed 8368K, reserved 1048576K
}

